<?xml version="1.0" encoding="UTF-8"?>
<testsuite name="FibNumTest" tests="4" skipped="0" failures="0" errors="0" timestamp="2020-08-22T20:14:00" hostname="OrlandoMagic" time="0.007">
  <properties/>
  <testcase name="FizzBuzzThreeNumbers" classname="FibNumTest" time="0.005"/>
  <testcase name="FizzBuzzFiveNumbers" classname="FibNumTest" time="0.0"/>
  <testcase name="FizzBuzzNormalNumbers" classname="FibNumTest" time="0.0"/>
  <testcase name="FizzBuzzThreeAndFiveNumbers" classname="FibNumTest" time="0.001"/>
  <system-out><![CDATA[]]></system-out>
  <system-err><![CDATA[]]></system-err>
</testsuite>
